<?xml version="1.0" encoding="UTF-8"?>
<testsuite xmlns:xsi="http://www.w3.org/2001/XMLSchema-instance" xsi:noNamespaceSchemaLocation="https://maven.apache.org/surefire/maven-surefire-plugin/xsd/surefire-test-report.xsd" name="com.test.employee.service.EmployeeServiceTest" time="0.024" tests="6" errors="0" skipped="0" failures="0">
  <properties>
[...]
</properties>
  <testcase name="testUpdateEmployeeSuccess" classname="com.test.employee.service.EmployeeServiceTest" time="0.007"/>
  <testcase name="testAddEmployeeSuccess" classname="com.test.employee.service.EmployeeServiceTest" time="0.002"/>
  <testcase name="testGetEmployeeSuccess" classname="com.test.employee.service.EmployeeServiceTest" time="0.002"/>
  <testcase name="testUpdateEmployeeUpdateError" classname="com.test.employee.service.EmployeeServiceTest" time="0.003"/>
  <testcase name="testAddEmployeeError" classname="com.test.employee.service.EmployeeServiceTest" time="0.002"/>
  <testcase name="testUpdateEmployeeNoEmployeeError" classname="com.test.employee.service.EmployeeServiceTest" time="0.001"/>
</testsuite>